<?xml version="1.0" encoding="UTF-8"?>
<!-- Generated by org.testng.reporters.JUnitReportReporter -->
<testsuite hostname="LAPTOP-2PFF6TO4" failures="0" tests="1" name="test.day4" time="0.001" errors="0" timestamp="2024-12-28T16:00:38 IST" skipped="0">
  <testcase classname="test.day4" name="Mobilehomeloan" time="0.001"/>
</testsuite> <!-- test.day4 -->
