<?xml version="1.0" encoding="UTF-8"?>
<!-- Generated by org.testng.reporters.JUnitReportReporter -->
<testsuite hostname="LAPTOP-2PFF6TO4" failures="0" tests="1" name="test.day3" time="0.003" errors="0" timestamp="2024-12-28T16:59:23 IST" skipped="0">
  <testcase classname="test.day3" name="Mobilecarloan" time="0.003"/>
</testsuite> <!-- test.day3 -->
