<?xml version="1.0" encoding="UTF-8"?>
<!-- Generated by org.testng.reporters.JUnitReportReporter -->
<testsuite hostname="LAPTOP-2PFF6TO4" failures="0" tests="1" name="test.Day1" time="0.019" errors="0" timestamp="2024-12-28T16:59:23 IST" skipped="0">
  <testcase classname="test.Day1" name="demo" time="0.019"/>
</testsuite> <!-- test.Day1 -->
